<?xml version="1.0" encoding="UTF-8"?>
<!-- Generated by org.testng.reporters.JUnitXMLReporter -->
<testsuite ignored="0" hostname="LAPTOP-K8RE9END" failures="0" tests="41" name="Test" time="62.601" errors="0" timestamp="2024-11-17T16:28:41 IST">
  <testcase classname="api.tests.user.DDTests" name="testPostUser" time="6.42"/>
  <testcase classname="api.tests.user.DDTests" name="testPostUser" time="1.121"/>
  <testcase classname="api.tests.user.DDTests" name="testPostUser" time="1.136"/>
  <testcase classname="api.tests.user.DDTests" name="testPostUser" time="1.071"/>
  <testcase classname="api.tests.user.DDTests" name="testPostUser" time="1.136"/>
  <testcase classname="api.tests.user.DDTests" name="testPostUser" time="1.075"/>
  <testcase classname="api.tests.user.DDTests" name="testPostUser" time="1.065"/>
  <testcase classname="api.tests.user.DDTests" name="testPostUser" time="1.02"/>
  <testcase classname="api.tests.user.DDTests" name="testPostUser" time="1.04"/>
  <testcase classname="api.tests.user.DDTests" name="testPostUser" time="1.047"/>
  <testcase classname="api.tests.user.DDTests" name="testPostUser" time="1.069"/>
  <testcase classname="api.tests.user.DDTests" name="testGetUserByName" time="1.314"/>
  <testcase classname="api.tests.user.DDTests" name="testGetUserByName" time="1.051"/>
  <testcase classname="api.tests.user.DDTests" name="testGetUserByName" time="1.098"/>
  <testcase classname="api.tests.user.DDTests" name="testGetUserByName" time="1.143"/>
  <testcase classname="api.tests.user.DDTests" name="testGetUserByName" time="1.093"/>
  <testcase classname="api.tests.user.DDTests" name="testGetUserByName" time="1.084"/>
  <testcase classname="api.tests.user.DDTests" name="testGetUserByName" time="1.097"/>
  <testcase classname="api.tests.user.DDTests" name="testGetUserByName" time="1.006"/>
  <testcase classname="api.tests.user.DDTests" name="testGetUserByName" time="1.083"/>
  <testcase classname="api.tests.user.DDTests" name="testGetUserByName" time="1.025"/>
  <testcase classname="api.tests.user.DDTests" name="testGetUserByName" time="1.016"/>
  <testcase classname="api.tests.user.DDTests" name="testDeleteUserByName" time="1.053"/>
  <testcase classname="api.tests.user.DDTests" name="testDeleteUserByName" time="1.027"/>
  <testcase classname="api.tests.user.DDTests" name="testDeleteUserByName" time="1.043"/>
  <testcase classname="api.tests.user.DDTests" name="testDeleteUserByName" time="1.06"/>
  <testcase classname="api.tests.user.DDTests" name="testDeleteUserByName" time="1.029"/>
  <testcase classname="api.tests.user.DDTests" name="testDeleteUserByName" time="1.11"/>
  <testcase classname="api.tests.user.DDTests" name="testDeleteUserByName" time="1.015"/>
  <testcase classname="api.tests.user.DDTests" name="testDeleteUserByName" time="1.032"/>
  <testcase classname="api.tests.user.DDTests" name="testDeleteUserByName" time="1.024"/>
  <testcase classname="api.tests.user.DDTests" name="testDeleteUserByName" time="1.065"/>
  <testcase classname="api.tests.user.DDTests" name="testDeleteUserByName" time="1.092"/>
  <testcase classname="api.tests.user.UserTest" name="testPostUser" time="1.071"/>
  <testcase classname="api.tests.user.UserTest" name="testGetUserByName" time="1.029"/>
  <testcase classname="api.tests.user.UserTest" name="testUpdateUser" time="2.172"/>
  <testcase classname="api.tests.user.UserTest" name="testDeleteUserByName" time="1.068"/>
  <testcase classname="api.tests.user.UserTestUsingProperies" name="testPostUser" time="1.11"/>
  <testcase classname="api.tests.user.UserTestUsingProperies" name="testGetUserByName" time="1.068"/>
  <testcase classname="api.tests.user.UserTestUsingProperies" name="testUpdateUser" time="2.177"/>
  <testcase classname="api.tests.user.UserTestUsingProperies" name="testDeleteUserByName" time="1.049"/>
</testsuite> <!-- Test -->
