<?xml version="1.0" encoding="UTF-8"?>
<testng-results ignored="0" total="41" passed="41" failed="0" skipped="0">
  <reporter-output>
  </reporter-output>
  <suite started-at="2024-11-17T16:27:38 IST" name="Suite" finished-at="2024-11-17T16:28:41 IST" duration-ms="62601">
    <groups>
    </groups>
    <test started-at="2024-11-17T16:27:38 IST" name="Test" finished-at="2024-11-17T16:28:41 IST" duration-ms="62601">
      <class name="api.tests.user.DDTests">
        <test-method signature="testPostUser(java.lang.String,java.lang.String,java.lang.String,java.lang.String,java.lang.String,java.lang.String,java.lang.String)[pri:1, instance:api.tests.user.DDTests@4a05d8ae]" started-at="2024-11-17T16:27:48 IST" name="testPostUser" data-provider="Data" finished-at="2024-11-17T16:27:55 IST" duration-ms="6420" status="PASS">
          <params>
            <param index="0">
              <value>
                <![CDATA[1010]]>
              </value>
            </param>
            <param index="1">
              <value>
                <![CDATA[vishwaTest1]]>
              </value>
            </param>
            <param index="2">
              <value>
                <![CDATA[Name1]]>
              </value>
            </param>
            <param index="3">
              <value>
                <![CDATA[Last1]]>
              </value>
            </param>
            <param index="4">
              <value>
                <![CDATA[CONCATENATE(C2,".",D2,"@ex.com")]]>
              </value>
            </param>
            <param index="5">
              <value>
                <![CDATA[test@1]]>
              </value>
            </param>
            <param index="6">
              <value>
                <![CDATA[RANDBETWEEN(1000000000/9,9999999999/9)*9]]>
              </value>
            </param>
          </params>
          <reporter-output>
          </reporter-output>
        </test-method> <!-- testPostUser -->
        <test-method signature="testPostUser(java.lang.String,java.lang.String,java.lang.String,java.lang.String,java.lang.String,java.lang.String,java.lang.String)[pri:1, instance:api.tests.user.DDTests@4a05d8ae]" started-at="2024-11-17T16:27:55 IST" name="testPostUser" data-provider="Data" finished-at="2024-11-17T16:27:56 IST" duration-ms="1121" status="PASS">
          <params>
            <param index="0">
              <value>
                <![CDATA[1011]]>
              </value>
            </param>
            <param index="1">
              <value>
                <![CDATA[vishwaTest2]]>
              </value>
            </param>
            <param index="2">
              <value>
                <![CDATA[Name2]]>
              </value>
            </param>
            <param index="3">
              <value>
                <![CDATA[Last2]]>
              </value>
            </param>
            <param index="4">
              <value>
                <![CDATA[CONCATENATE(C3,".",D3,"@ex.com")]]>
              </value>
            </param>
            <param index="5">
              <value>
                <![CDATA[test@2]]>
              </value>
            </param>
            <param index="6">
              <value>
                <![CDATA[RANDBETWEEN(1000000000/9,9999999999/9)*9]]>
              </value>
            </param>
          </params>
          <reporter-output>
          </reporter-output>
        </test-method> <!-- testPostUser -->
        <test-method signature="testPostUser(java.lang.String,java.lang.String,java.lang.String,java.lang.String,java.lang.String,java.lang.String,java.lang.String)[pri:1, instance:api.tests.user.DDTests@4a05d8ae]" started-at="2024-11-17T16:27:56 IST" name="testPostUser" data-provider="Data" finished-at="2024-11-17T16:27:57 IST" duration-ms="1136" status="PASS">
          <params>
            <param index="0">
              <value>
                <![CDATA[1012]]>
              </value>
            </param>
            <param index="1">
              <value>
                <![CDATA[vishwaTest3]]>
              </value>
            </param>
            <param index="2">
              <value>
                <![CDATA[Name3]]>
              </value>
            </param>
            <param index="3">
              <value>
                <![CDATA[Last3]]>
              </value>
            </param>
            <param index="4">
              <value>
                <![CDATA[CONCATENATE(C4,".",D4,"@ex.com")]]>
              </value>
            </param>
            <param index="5">
              <value>
                <![CDATA[test@3]]>
              </value>
            </param>
            <param index="6">
              <value>
                <![CDATA[RANDBETWEEN(1000000000/9,9999999999/9)*9]]>
              </value>
            </param>
          </params>
          <reporter-output>
          </reporter-output>
        </test-method> <!-- testPostUser -->
        <test-method signature="testPostUser(java.lang.String,java.lang.String,java.lang.String,java.lang.String,java.lang.String,java.lang.String,java.lang.String)[pri:1, instance:api.tests.user.DDTests@4a05d8ae]" started-at="2024-11-17T16:27:57 IST" name="testPostUser" data-provider="Data" finished-at="2024-11-17T16:27:58 IST" duration-ms="1071" status="PASS">
          <params>
            <param index="0">
              <value>
                <![CDATA[1013]]>
              </value>
            </param>
            <param index="1">
              <value>
                <![CDATA[vishwaTest4]]>
              </value>
            </param>
            <param index="2">
              <value>
                <![CDATA[Name4]]>
              </value>
            </param>
            <param index="3">
              <value>
                <![CDATA[Last4]]>
              </value>
            </param>
            <param index="4">
              <value>
                <![CDATA[CONCATENATE(C5,".",D5,"@ex.com")]]>
              </value>
            </param>
            <param index="5">
              <value>
                <![CDATA[test@4]]>
              </value>
            </param>
            <param index="6">
              <value>
                <![CDATA[RANDBETWEEN(1000000000/9,9999999999/9)*9]]>
              </value>
            </param>
          </params>
          <reporter-output>
          </reporter-output>
        </test-method> <!-- testPostUser -->
        <test-method signature="testPostUser(java.lang.String,java.lang.String,java.lang.String,java.lang.String,java.lang.String,java.lang.String,java.lang.String)[pri:1, instance:api.tests.user.DDTests@4a05d8ae]" started-at="2024-11-17T16:27:58 IST" name="testPostUser" data-provider="Data" finished-at="2024-11-17T16:27:59 IST" duration-ms="1136" status="PASS">
          <params>
            <param index="0">
              <value>
                <![CDATA[1014]]>
              </value>
            </param>
            <param index="1">
              <value>
                <![CDATA[vishwaTest5]]>
              </value>
            </param>
            <param index="2">
              <value>
                <![CDATA[Name5]]>
              </value>
            </param>
            <param index="3">
              <value>
                <![CDATA[Last5]]>
              </value>
            </param>
            <param index="4">
              <value>
                <![CDATA[CONCATENATE(C6,".",D6,"@ex.com")]]>
              </value>
            </param>
            <param index="5">
              <value>
                <![CDATA[test@5]]>
              </value>
            </param>
            <param index="6">
              <value>
                <![CDATA[RANDBETWEEN(1000000000/9,9999999999/9)*9]]>
              </value>
            </param>
          </params>
          <reporter-output>
          </reporter-output>
        </test-method> <!-- testPostUser -->
        <test-method signature="testPostUser(java.lang.String,java.lang.String,java.lang.String,java.lang.String,java.lang.String,java.lang.String,java.lang.String)[pri:1, instance:api.tests.user.DDTests@4a05d8ae]" started-at="2024-11-17T16:27:59 IST" name="testPostUser" data-provider="Data" finished-at="2024-11-17T16:28:00 IST" duration-ms="1075" status="PASS">
          <params>
            <param index="0">
              <value>
                <![CDATA[1015]]>
              </value>
            </param>
            <param index="1">
              <value>
                <![CDATA[vishwaTest6]]>
              </value>
            </param>
            <param index="2">
              <value>
                <![CDATA[Name6]]>
              </value>
            </param>
            <param index="3">
              <value>
                <![CDATA[Last6]]>
              </value>
            </param>
            <param index="4">
              <value>
                <![CDATA[CONCATENATE(C7,".",D7,"@ex.com")]]>
              </value>
            </param>
            <param index="5">
              <value>
                <![CDATA[test@6]]>
              </value>
            </param>
            <param index="6">
              <value>
                <![CDATA[RANDBETWEEN(1000000000/9,9999999999/9)*9]]>
              </value>
            </param>
          </params>
          <reporter-output>
          </reporter-output>
        </test-method> <!-- testPostUser -->
        <test-method signature="testPostUser(java.lang.String,java.lang.String,java.lang.String,java.lang.String,java.lang.String,java.lang.String,java.lang.String)[pri:1, instance:api.tests.user.DDTests@4a05d8ae]" started-at="2024-11-17T16:28:00 IST" name="testPostUser" data-provider="Data" finished-at="2024-11-17T16:28:02 IST" duration-ms="1065" status="PASS">
          <params>
            <param index="0">
              <value>
                <![CDATA[1016]]>
              </value>
            </param>
            <param index="1">
              <value>
                <![CDATA[vishwaTest7]]>
              </value>
            </param>
            <param index="2">
              <value>
                <![CDATA[Name7]]>
              </value>
            </param>
            <param index="3">
              <value>
                <![CDATA[Last7]]>
              </value>
            </param>
            <param index="4">
              <value>
                <![CDATA[CONCATENATE(C8,".",D8,"@ex.com")]]>
              </value>
            </param>
            <param index="5">
              <value>
                <![CDATA[test@7]]>
              </value>
            </param>
            <param index="6">
              <value>
                <![CDATA[RANDBETWEEN(1000000000/9,9999999999/9)*9]]>
              </value>
            </param>
          </params>
          <reporter-output>
          </reporter-output>
        </test-method> <!-- testPostUser -->
        <test-method signature="testPostUser(java.lang.String,java.lang.String,java.lang.String,java.lang.String,java.lang.String,java.lang.String,java.lang.String)[pri:1, instance:api.tests.user.DDTests@4a05d8ae]" started-at="2024-11-17T16:28:02 IST" name="testPostUser" data-provider="Data" finished-at="2024-11-17T16:28:03 IST" duration-ms="1020" status="PASS">
          <params>
            <param index="0">
              <value>
                <![CDATA[1017]]>
              </value>
            </param>
            <param index="1">
              <value>
                <![CDATA[vishwaTest8]]>
              </value>
            </param>
            <param index="2">
              <value>
                <![CDATA[Name8]]>
              </value>
            </param>
            <param index="3">
              <value>
                <![CDATA[Last8]]>
              </value>
            </param>
            <param index="4">
              <value>
                <![CDATA[CONCATENATE(C9,".",D9,"@ex.com")]]>
              </value>
            </param>
            <param index="5">
              <value>
                <![CDATA[test@8]]>
              </value>
            </param>
            <param index="6">
              <value>
                <![CDATA[RANDBETWEEN(1000000000/9,9999999999/9)*9]]>
              </value>
            </param>
          </params>
          <reporter-output>
          </reporter-output>
        </test-method> <!-- testPostUser -->
        <test-method signature="testPostUser(java.lang.String,java.lang.String,java.lang.String,java.lang.String,java.lang.String,java.lang.String,java.lang.String)[pri:1, instance:api.tests.user.DDTests@4a05d8ae]" started-at="2024-11-17T16:28:03 IST" name="testPostUser" data-provider="Data" finished-at="2024-11-17T16:28:04 IST" duration-ms="1040" status="PASS">
          <params>
            <param index="0">
              <value>
                <![CDATA[1018]]>
              </value>
            </param>
            <param index="1">
              <value>
                <![CDATA[vishwaTest9]]>
              </value>
            </param>
            <param index="2">
              <value>
                <![CDATA[Name9]]>
              </value>
            </param>
            <param index="3">
              <value>
                <![CDATA[Last9]]>
              </value>
            </param>
            <param index="4">
              <value>
                <![CDATA[CONCATENATE(C10,".",D10,"@ex.com")]]>
              </value>
            </param>
            <param index="5">
              <value>
                <![CDATA[test@9]]>
              </value>
            </param>
            <param index="6">
              <value>
                <![CDATA[RANDBETWEEN(1000000000/9,9999999999/9)*9]]>
              </value>
            </param>
          </params>
          <reporter-output>
          </reporter-output>
        </test-method> <!-- testPostUser -->
        <test-method signature="testPostUser(java.lang.String,java.lang.String,java.lang.String,java.lang.String,java.lang.String,java.lang.String,java.lang.String)[pri:1, instance:api.tests.user.DDTests@4a05d8ae]" started-at="2024-11-17T16:28:04 IST" name="testPostUser" data-provider="Data" finished-at="2024-11-17T16:28:05 IST" duration-ms="1047" status="PASS">
          <params>
            <param index="0">
              <value>
                <![CDATA[1019]]>
              </value>
            </param>
            <param index="1">
              <value>
                <![CDATA[vishwaTest10]]>
              </value>
            </param>
            <param index="2">
              <value>
                <![CDATA[Name10]]>
              </value>
            </param>
            <param index="3">
              <value>
                <![CDATA[Last10]]>
              </value>
            </param>
            <param index="4">
              <value>
                <![CDATA[CONCATENATE(C11,".",D11,"@ex.com")]]>
              </value>
            </param>
            <param index="5">
              <value>
                <![CDATA[test@10]]>
              </value>
            </param>
            <param index="6">
              <value>
                <![CDATA[RANDBETWEEN(1000000000/9,9999999999/9)*9]]>
              </value>
            </param>
          </params>
          <reporter-output>
          </reporter-output>
        </test-method> <!-- testPostUser -->
        <test-method signature="testPostUser(java.lang.String,java.lang.String,java.lang.String,java.lang.String,java.lang.String,java.lang.String,java.lang.String)[pri:1, instance:api.tests.user.DDTests@4a05d8ae]" started-at="2024-11-17T16:28:05 IST" name="testPostUser" data-provider="Data" finished-at="2024-11-17T16:28:06 IST" duration-ms="1069" status="PASS">
          <params>
            <param index="0">
              <value>
                <![CDATA[1020]]>
              </value>
            </param>
            <param index="1">
              <value>
                <![CDATA[vishwaTest11]]>
              </value>
            </param>
            <param index="2">
              <value>
                <![CDATA[Name11]]>
              </value>
            </param>
            <param index="3">
              <value>
                <![CDATA[Last11]]>
              </value>
            </param>
            <param index="4">
              <value>
                <![CDATA[CONCATENATE(C12,".",D12,"@ex.com")]]>
              </value>
            </param>
            <param index="5">
              <value>
                <![CDATA[test@11]]>
              </value>
            </param>
            <param index="6">
              <value>
                <![CDATA[RANDBETWEEN(1000000000/9,9999999999/9)*9]]>
              </value>
            </param>
          </params>
          <reporter-output>
          </reporter-output>
        </test-method> <!-- testPostUser -->
        <test-method signature="testGetUserByName(java.lang.String)[pri:2, instance:api.tests.user.DDTests@4a05d8ae]" started-at="2024-11-17T16:28:06 IST" name="testGetUserByName" data-provider="UserName" finished-at="2024-11-17T16:28:07 IST" duration-ms="1314" status="PASS">
          <params>
            <param index="0">
              <value>
                <![CDATA[vishwaTest1]]>
              </value>
            </param>
          </params>
          <reporter-output>
          </reporter-output>
        </test-method> <!-- testGetUserByName -->
        <test-method signature="testGetUserByName(java.lang.String)[pri:2, instance:api.tests.user.DDTests@4a05d8ae]" started-at="2024-11-17T16:28:07 IST" name="testGetUserByName" data-provider="UserName" finished-at="2024-11-17T16:28:08 IST" duration-ms="1051" status="PASS">
          <params>
            <param index="0">
              <value>
                <![CDATA[vishwaTest2]]>
              </value>
            </param>
          </params>
          <reporter-output>
          </reporter-output>
        </test-method> <!-- testGetUserByName -->
        <test-method signature="testGetUserByName(java.lang.String)[pri:2, instance:api.tests.user.DDTests@4a05d8ae]" started-at="2024-11-17T16:28:08 IST" name="testGetUserByName" data-provider="UserName" finished-at="2024-11-17T16:28:10 IST" duration-ms="1098" status="PASS">
          <params>
            <param index="0">
              <value>
                <![CDATA[vishwaTest3]]>
              </value>
            </param>
          </params>
          <reporter-output>
          </reporter-output>
        </test-method> <!-- testGetUserByName -->
        <test-method signature="testGetUserByName(java.lang.String)[pri:2, instance:api.tests.user.DDTests@4a05d8ae]" started-at="2024-11-17T16:28:10 IST" name="testGetUserByName" data-provider="UserName" finished-at="2024-11-17T16:28:11 IST" duration-ms="1143" status="PASS">
          <params>
            <param index="0">
              <value>
                <![CDATA[vishwaTest4]]>
              </value>
            </param>
          </params>
          <reporter-output>
          </reporter-output>
        </test-method> <!-- testGetUserByName -->
        <test-method signature="testGetUserByName(java.lang.String)[pri:2, instance:api.tests.user.DDTests@4a05d8ae]" started-at="2024-11-17T16:28:11 IST" name="testGetUserByName" data-provider="UserName" finished-at="2024-11-17T16:28:12 IST" duration-ms="1093" status="PASS">
          <params>
            <param index="0">
              <value>
                <![CDATA[vishwaTest5]]>
              </value>
            </param>
          </params>
          <reporter-output>
          </reporter-output>
        </test-method> <!-- testGetUserByName -->
        <test-method signature="testGetUserByName(java.lang.String)[pri:2, instance:api.tests.user.DDTests@4a05d8ae]" started-at="2024-11-17T16:28:12 IST" name="testGetUserByName" data-provider="UserName" finished-at="2024-11-17T16:28:13 IST" duration-ms="1084" status="PASS">
          <params>
            <param index="0">
              <value>
                <![CDATA[vishwaTest6]]>
              </value>
            </param>
          </params>
          <reporter-output>
          </reporter-output>
        </test-method> <!-- testGetUserByName -->
        <test-method signature="testGetUserByName(java.lang.String)[pri:2, instance:api.tests.user.DDTests@4a05d8ae]" started-at="2024-11-17T16:28:13 IST" name="testGetUserByName" data-provider="UserName" finished-at="2024-11-17T16:28:14 IST" duration-ms="1097" status="PASS">
          <params>
            <param index="0">
              <value>
                <![CDATA[vishwaTest7]]>
              </value>
            </param>
          </params>
          <reporter-output>
          </reporter-output>
        </test-method> <!-- testGetUserByName -->
        <test-method signature="testGetUserByName(java.lang.String)[pri:2, instance:api.tests.user.DDTests@4a05d8ae]" started-at="2024-11-17T16:28:14 IST" name="testGetUserByName" data-provider="UserName" finished-at="2024-11-17T16:28:15 IST" duration-ms="1006" status="PASS">
          <params>
            <param index="0">
              <value>
                <![CDATA[vishwaTest8]]>
              </value>
            </param>
          </params>
          <reporter-output>
          </reporter-output>
        </test-method> <!-- testGetUserByName -->
        <test-method signature="testGetUserByName(java.lang.String)[pri:2, instance:api.tests.user.DDTests@4a05d8ae]" started-at="2024-11-17T16:28:15 IST" name="testGetUserByName" data-provider="UserName" finished-at="2024-11-17T16:28:16 IST" duration-ms="1083" status="PASS">
          <params>
            <param index="0">
              <value>
                <![CDATA[vishwaTest9]]>
              </value>
            </param>
          </params>
          <reporter-output>
          </reporter-output>
        </test-method> <!-- testGetUserByName -->
        <test-method signature="testGetUserByName(java.lang.String)[pri:2, instance:api.tests.user.DDTests@4a05d8ae]" started-at="2024-11-17T16:28:16 IST" name="testGetUserByName" data-provider="UserName" finished-at="2024-11-17T16:28:17 IST" duration-ms="1025" status="PASS">
          <params>
            <param index="0">
              <value>
                <![CDATA[vishwaTest10]]>
              </value>
            </param>
          </params>
          <reporter-output>
          </reporter-output>
        </test-method> <!-- testGetUserByName -->
        <test-method signature="testGetUserByName(java.lang.String)[pri:2, instance:api.tests.user.DDTests@4a05d8ae]" started-at="2024-11-17T16:28:17 IST" name="testGetUserByName" data-provider="UserName" finished-at="2024-11-17T16:28:18 IST" duration-ms="1016" status="PASS">
          <params>
            <param index="0">
              <value>
                <![CDATA[vishwaTest11]]>
              </value>
            </param>
          </params>
          <reporter-output>
          </reporter-output>
        </test-method> <!-- testGetUserByName -->
        <test-method signature="testDeleteUserByName(java.lang.String)[pri:3, instance:api.tests.user.DDTests@4a05d8ae]" started-at="2024-11-17T16:28:18 IST" name="testDeleteUserByName" data-provider="UserName" finished-at="2024-11-17T16:28:19 IST" duration-ms="1053" status="PASS">
          <params>
            <param index="0">
              <value>
                <![CDATA[vishwaTest1]]>
              </value>
            </param>
          </params>
          <reporter-output>
          </reporter-output>
        </test-method> <!-- testDeleteUserByName -->
        <test-method signature="testDeleteUserByName(java.lang.String)[pri:3, instance:api.tests.user.DDTests@4a05d8ae]" started-at="2024-11-17T16:28:19 IST" name="testDeleteUserByName" data-provider="UserName" finished-at="2024-11-17T16:28:20 IST" duration-ms="1027" status="PASS">
          <params>
            <param index="0">
              <value>
                <![CDATA[vishwaTest2]]>
              </value>
            </param>
          </params>
          <reporter-output>
          </reporter-output>
        </test-method> <!-- testDeleteUserByName -->
        <test-method signature="testDeleteUserByName(java.lang.String)[pri:3, instance:api.tests.user.DDTests@4a05d8ae]" started-at="2024-11-17T16:28:20 IST" name="testDeleteUserByName" data-provider="UserName" finished-at="2024-11-17T16:28:21 IST" duration-ms="1043" status="PASS">
          <params>
            <param index="0">
              <value>
                <![CDATA[vishwaTest3]]>
              </value>
            </param>
          </params>
          <reporter-output>
          </reporter-output>
        </test-method> <!-- testDeleteUserByName -->
        <test-method signature="testDeleteUserByName(java.lang.String)[pri:3, instance:api.tests.user.DDTests@4a05d8ae]" started-at="2024-11-17T16:28:21 IST" name="testDeleteUserByName" data-provider="UserName" finished-at="2024-11-17T16:28:22 IST" duration-ms="1060" status="PASS">
          <params>
            <param index="0">
              <value>
                <![CDATA[vishwaTest4]]>
              </value>
            </param>
          </params>
          <reporter-output>
          </reporter-output>
        </test-method> <!-- testDeleteUserByName -->
        <test-method signature="testDeleteUserByName(java.lang.String)[pri:3, instance:api.tests.user.DDTests@4a05d8ae]" started-at="2024-11-17T16:28:22 IST" name="testDeleteUserByName" data-provider="UserName" finished-at="2024-11-17T16:28:24 IST" duration-ms="1029" status="PASS">
          <params>
            <param index="0">
              <value>
                <![CDATA[vishwaTest5]]>
              </value>
            </param>
          </params>
          <reporter-output>
          </reporter-output>
        </test-method> <!-- testDeleteUserByName -->
        <test-method signature="testDeleteUserByName(java.lang.String)[pri:3, instance:api.tests.user.DDTests@4a05d8ae]" started-at="2024-11-17T16:28:24 IST" name="testDeleteUserByName" data-provider="UserName" finished-at="2024-11-17T16:28:25 IST" duration-ms="1110" status="PASS">
          <params>
            <param index="0">
              <value>
                <![CDATA[vishwaTest6]]>
              </value>
            </param>
          </params>
          <reporter-output>
          </reporter-output>
        </test-method> <!-- testDeleteUserByName -->
        <test-method signature="testDeleteUserByName(java.lang.String)[pri:3, instance:api.tests.user.DDTests@4a05d8ae]" started-at="2024-11-17T16:28:25 IST" name="testDeleteUserByName" data-provider="UserName" finished-at="2024-11-17T16:28:26 IST" duration-ms="1015" status="PASS">
          <params>
            <param index="0">
              <value>
                <![CDATA[vishwaTest7]]>
              </value>
            </param>
          </params>
          <reporter-output>
          </reporter-output>
        </test-method> <!-- testDeleteUserByName -->
        <test-method signature="testDeleteUserByName(java.lang.String)[pri:3, instance:api.tests.user.DDTests@4a05d8ae]" started-at="2024-11-17T16:28:26 IST" name="testDeleteUserByName" data-provider="UserName" finished-at="2024-11-17T16:28:27 IST" duration-ms="1032" status="PASS">
          <params>
            <param index="0">
              <value>
                <![CDATA[vishwaTest8]]>
              </value>
            </param>
          </params>
          <reporter-output>
          </reporter-output>
        </test-method> <!-- testDeleteUserByName -->
        <test-method signature="testDeleteUserByName(java.lang.String)[pri:3, instance:api.tests.user.DDTests@4a05d8ae]" started-at="2024-11-17T16:28:27 IST" name="testDeleteUserByName" data-provider="UserName" finished-at="2024-11-17T16:28:28 IST" duration-ms="1024" status="PASS">
          <params>
            <param index="0">
              <value>
                <![CDATA[vishwaTest9]]>
              </value>
            </param>
          </params>
          <reporter-output>
          </reporter-output>
        </test-method> <!-- testDeleteUserByName -->
        <test-method signature="testDeleteUserByName(java.lang.String)[pri:3, instance:api.tests.user.DDTests@4a05d8ae]" started-at="2024-11-17T16:28:28 IST" name="testDeleteUserByName" data-provider="UserName" finished-at="2024-11-17T16:28:29 IST" duration-ms="1065" status="PASS">
          <params>
            <param index="0">
              <value>
                <![CDATA[vishwaTest10]]>
              </value>
            </param>
          </params>
          <reporter-output>
          </reporter-output>
        </test-method> <!-- testDeleteUserByName -->
        <test-method signature="testDeleteUserByName(java.lang.String)[pri:3, instance:api.tests.user.DDTests@4a05d8ae]" started-at="2024-11-17T16:28:29 IST" name="testDeleteUserByName" data-provider="UserName" finished-at="2024-11-17T16:28:30 IST" duration-ms="1092" status="PASS">
          <params>
            <param index="0">
              <value>
                <![CDATA[vishwaTest11]]>
              </value>
            </param>
          </params>
          <reporter-output>
          </reporter-output>
        </test-method> <!-- testDeleteUserByName -->
      </class> <!-- api.tests.user.DDTests -->
      <class name="api.tests.user.UserTest">
        <test-method is-config="true" signature="setUp()[pri:0, instance:api.tests.user.UserTest@50acf55d]" started-at="2024-11-17T16:28:30 IST" name="setUp" finished-at="2024-11-17T16:28:30 IST" duration-ms="202" status="PASS">
          <reporter-output>
          </reporter-output>
        </test-method> <!-- setUp -->
        <test-method signature="testPostUser()[pri:1, instance:api.tests.user.UserTest@50acf55d]" started-at="2024-11-17T16:28:30 IST" name="testPostUser" finished-at="2024-11-17T16:28:31 IST" duration-ms="1071" status="PASS">
          <reporter-output>
          </reporter-output>
        </test-method> <!-- testPostUser -->
        <test-method signature="testGetUserByName()[pri:2, instance:api.tests.user.UserTest@50acf55d]" started-at="2024-11-17T16:28:31 IST" name="testGetUserByName" finished-at="2024-11-17T16:28:32 IST" duration-ms="1029" status="PASS">
          <reporter-output>
          </reporter-output>
        </test-method> <!-- testGetUserByName -->
        <test-method signature="testUpdateUser()[pri:3, instance:api.tests.user.UserTest@50acf55d]" started-at="2024-11-17T16:28:32 IST" name="testUpdateUser" finished-at="2024-11-17T16:28:34 IST" duration-ms="2172" status="PASS">
          <reporter-output>
          </reporter-output>
        </test-method> <!-- testUpdateUser -->
        <test-method signature="testDeleteUserByName()[pri:4, instance:api.tests.user.UserTest@50acf55d]" started-at="2024-11-17T16:28:34 IST" name="testDeleteUserByName" finished-at="2024-11-17T16:28:35 IST" duration-ms="1068" status="PASS">
          <reporter-output>
          </reporter-output>
        </test-method> <!-- testDeleteUserByName -->
      </class> <!-- api.tests.user.UserTest -->
      <class name="api.tests.user.UserTestUsingProperies">
        <test-method is-config="true" signature="setUp()[pri:0, instance:api.tests.user.UserTestUsingProperies@3cae7b8b]" started-at="2024-11-17T16:28:35 IST" name="setUp" finished-at="2024-11-17T16:28:35 IST" duration-ms="33" status="PASS">
          <reporter-output>
          </reporter-output>
        </test-method> <!-- setUp -->
        <test-method signature="testPostUser()[pri:1, instance:api.tests.user.UserTestUsingProperies@3cae7b8b]" started-at="2024-11-17T16:28:35 IST" name="testPostUser" finished-at="2024-11-17T16:28:37 IST" duration-ms="1110" status="PASS">
          <reporter-output>
          </reporter-output>
        </test-method> <!-- testPostUser -->
        <test-method signature="testGetUserByName()[pri:2, instance:api.tests.user.UserTestUsingProperies@3cae7b8b]" started-at="2024-11-17T16:28:37 IST" name="testGetUserByName" finished-at="2024-11-17T16:28:38 IST" duration-ms="1068" status="PASS">
          <reporter-output>
          </reporter-output>
        </test-method> <!-- testGetUserByName -->
        <test-method signature="testUpdateUser()[pri:3, instance:api.tests.user.UserTestUsingProperies@3cae7b8b]" started-at="2024-11-17T16:28:38 IST" name="testUpdateUser" finished-at="2024-11-17T16:28:40 IST" duration-ms="2177" status="PASS">
          <reporter-output>
          </reporter-output>
        </test-method> <!-- testUpdateUser -->
        <test-method signature="testDeleteUserByName()[pri:4, instance:api.tests.user.UserTestUsingProperies@3cae7b8b]" started-at="2024-11-17T16:28:40 IST" name="testDeleteUserByName" finished-at="2024-11-17T16:28:41 IST" duration-ms="1049" status="PASS">
          <reporter-output>
          </reporter-output>
        </test-method> <!-- testDeleteUserByName -->
      </class> <!-- api.tests.user.UserTestUsingProperies -->
    </test> <!-- Test -->
  </suite> <!-- Suite -->
</testng-results>
